<?xml version="1.0" encoding="UTF-8"?>
<testsuite xmlns:xsi="http://www.w3.org/2001/XMLSchema-instance" xsi:noNamespaceSchemaLocation="https://maven.apache.org/surefire/maven-surefire-plugin/xsd/surefire-test-report.xsd" name="xyz.mwszksnmdys.admin.Junit5Test" time="0.048" tests="13" errors="0" skipped="2" failures="2">
  <properties>
[...]
</properties>
  <testcase name="testException" classname="xyz.mwszksnmdys.admin.Junit5Test" time="0"/>
  <testcase name="testTimeout" classname="xyz.mwszksnmdys.admin.Junit5Test" time="0">
    <skipped message="void xyz.mwszksnmdys.admin.Junit5Test.testTimeout() throws java.lang.InterruptedException is @Disabled"/>
  </testcase>
  <testcase name="testDisplayName2" classname="xyz.mwszksnmdys.admin.Junit5Test" time="0">
    <skipped message="void xyz.mwszksnmdys.admin.Junit5Test.testDisplayName2() is @Disabled"/>
  </testcase>
  <testcase name="testFail" classname="xyz.mwszksnmdys.admin.Junit5Test" time="0.007">
    <failure message="测试失败" type="org.opentest4j.AssertionFailedError">org.opentest4j.AssertionFailedError: 测试失败
	at xyz.mwszksnmdys.admin.Junit5Test.testFail(Junit5Test.java:64)
</failure>
    <system-out><![CDATA[测试就要开始了
测试结束了
]]></system-out>
  </testcase>
  <testcase name="testReaptedTest" classname="xyz.mwszksnmdys.admin.Junit5Test" time="0.001"/>
  <testcase name="testReaptedTest[1]" classname="xyz.mwszksnmdys.admin.Junit5Test" time="0.002"/>
  <testcase name="testReaptedTest[2]" classname="xyz.mwszksnmdys.admin.Junit5Test" time="0.001"/>
  <testcase name="testReaptedTest[3]" classname="xyz.mwszksnmdys.admin.Junit5Test" time="0.001"/>
  <testcase name="testReaptedTest[4]" classname="xyz.mwszksnmdys.admin.Junit5Test" time="0.002"/>
  <testcase name="testReaptedTest[5]" classname="xyz.mwszksnmdys.admin.Junit5Test" time="0"/>
  <testcase name="testSimpleAssertion" classname="xyz.mwszksnmdys.admin.Junit5Test" time="0.004">
    <failure message="两个对象不一样 ==&gt; expected: &lt;java.lang.Object@6fb22ae3&gt; but was: &lt;java.lang.Object@6bd92538&gt;" type="org.opentest4j.AssertionFailedError"><![CDATA[org.opentest4j.AssertionFailedError: 两个对象不一样 ==> expected: <java.lang.Object@6fb22ae3> but was: <java.lang.Object@6bd92538>
	at xyz.mwszksnmdys.admin.Junit5Test.testSimpleAssertion(Junit5Test.java:43)
]]></failure>
    <system-out><![CDATA[测试就要开始了
测试结束了
]]></system-out>
  </testcase>
  <testcase name="all" classname="xyz.mwszksnmdys.admin.Junit5Test" time="0.005"/>
  <testcase name="testDisplayName" classname="xyz.mwszksnmdys.admin.Junit5Test" time="0"/>
</testsuite>